\BOOKMARK [0][-]{dedication.0}{Dedicat\363ria}{}% 1
\BOOKMARK [0][-]{acknowledgements.0}{Agradecimentos}{}% 2
\BOOKMARK [0][-]{resumo.0}{Resumo}{}% 3
\BOOKMARK [0][-]{abstract.0}{Abstract}{}% 4
\BOOKMARK [0][-]{chapter.1}{Introduction}{}% 5
\BOOKMARK [1][-]{section.1.1}{Motivation}{chapter.1}% 6
\BOOKMARK [1][-]{section.1.2}{Problems}{chapter.1}% 7
\BOOKMARK [1][-]{section.1.3}{Objectives}{chapter.1}% 8
\BOOKMARK [1][-]{section.1.4}{Trabalho Publicado}{chapter.1}% 9
\BOOKMARK [1][-]{section.1.5}{Related work}{chapter.1}% 10
\BOOKMARK [1][-]{section.1.6}{Chapters description}{chapter.1}% 11
\BOOKMARK [0][-]{chapter.2}{Concepts on Machine Learning and Text Mining}{}% 12
\BOOKMARK [1][-]{section.2.1}{Machine Learning}{chapter.2}% 13
\BOOKMARK [2][-]{subsection.2.1.1}{Basic Concepts}{section.2.1}% 14
\BOOKMARK [2][-]{subsection.2.1.2}{Paradigmas de Aprendizado de M\341quina}{section.2.1}% 15
\BOOKMARK [3][-]{subsubsection.2.1.2.1}{Aprendizado Supervisionado}{subsection.2.1.2}% 16
\BOOKMARK [4][-]{paragraph.2.1.2.1.1}{SVM}{subsubsection.2.1.2.1}% 17
\BOOKMARK [3][-]{subsubsection.2.1.2.2}{Unsupervised Learning}{subsection.2.1.2}% 18
\BOOKMARK [3][-]{subsubsection.2.1.2.3}{Semi-Supervised Learning}{subsection.2.1.2}% 19
\BOOKMARK [3][-]{subsubsection.2.1.2.4}{Reinforcement Learning}{subsection.2.1.2}% 20
\BOOKMARK [2][-]{subsection.2.1.3}{Training and testing phases}{section.2.1}% 21
\BOOKMARK [2][-]{subsection.2.1.4}{Performance measures}{section.2.1}% 22
\BOOKMARK [1][-]{section.2.2}{Text Mining}{chapter.2}% 23
\BOOKMARK [2][-]{subsection.2.2.1}{Natural Language Processing}{section.2.2}% 24
\BOOKMARK [2][-]{subsection.2.2.2}{Pre-Processing}{section.2.2}% 25
\BOOKMARK [2][-]{subsection.2.2.3}{Tokenization}{section.2.2}% 26
\BOOKMARK [2][-]{subsection.2.2.4}{Stemming}{section.2.2}% 27
\BOOKMARK [2][-]{subsection.2.2.5}{Stop Words}{section.2.2}% 28
\BOOKMARK [2][-]{subsection.2.2.6}{Bag of Words}{section.2.2}% 29
\BOOKMARK [2][-]{subsection.2.2.7}{Term Frequency}{section.2.2}% 30
\BOOKMARK [2][-]{subsection.2.2.8}{Term Frequency - Inverse Document Frequency \(TF-IDF\)}{section.2.2}% 31
\BOOKMARK [1][-]{section.2.3}{Sentiment Analysis}{chapter.2}% 32
\BOOKMARK [0][-]{chapter.3}{Proposed Framework}{}% 33
\BOOKMARK [1][-]{section.3.1}{Crawling and Tweet Extraction}{chapter.3}% 34
\BOOKMARK [1][-]{section.3.2}{Data Pre-Processing}{chapter.3}% 35
\BOOKMARK [1][-]{section.3.3}{Lexical Dictionary}{chapter.3}% 36
\BOOKMARK [1][-]{section.3.4}{Sentiment Classification}{chapter.3}% 37
\BOOKMARK [1][-]{section.3.5}{Data Visualization}{chapter.3}% 38
\BOOKMARK [0][-]{chapter.4}{Results}{}% 39
\BOOKMARK [1][-]{section.4.1}{Perfomance evaluation of trend analysis}{chapter.4}% 40
\BOOKMARK [1][-]{section.4.2}{N-Fold Cross Validation}{chapter.4}% 41
\BOOKMARK [1][-]{section.4.3}{Error evaluation of the sentiment analysis via SVM}{chapter.4}% 42
\BOOKMARK [1][-]{section.4.4}{Spatio Trend Analysis}{chapter.4}% 43
\BOOKMARK [1][-]{section.4.5}{Election Results}{chapter.4}% 44
\BOOKMARK [0][-]{chapter.5}{Conclusion}{}% 45
\BOOKMARK [0][-]{section*.9}{Refer\352ncias}{}% 46
\BOOKMARK [0][-]{chapter*.10}{Appendix}{}% 47
\BOOKMARK [0][-]{appendix.A}{}{}% 48
\BOOKMARK [1][-]{section.A.1}{Appendix}{appendix.A}% 49
